<?xml version="1.0" encoding="UTF-8"?>
<!-- Generated by org.testng.reporters.JUnitReportReporter -->
<testsuite hostname="LAPTOP-BN8HH3R0" failures="0" tests="1" name="Test.HomePageTest" time="0.101" errors="0" timestamp="24 May 2019 18:06:17 GMT">
  <testcase classname="Test.HomePageTest" name="titleTest" time="0.101"/>
</testsuite> <!-- Test.HomePageTest -->
